[73011:73011:0526/122422.948628:VERBOSE1:chrome/app/chrome_crash_reporter_client.cc:199] GetCollectStatsConsent(): is_official_chrome_build is false so returning false
[73011:73011:0526/122422.956840:VERBOSE1:chrome/app/chrome_crash_reporter_client.cc:199] GetCollectStatsConsent(): is_official_chrome_build is false so returning false
[73104:73104:0526/122423.018629:VERBOSE1:chrome/common/media/cdm_registration.cc:220] Widevine enabled but no library found
[73104:73104:0526/122423.018792:INFO:third_party/webrtc/rtc_base/cpu_info.cc:77] Available number of cores: 4
[73104:73104:0526/122423.019518:VERBOSE1:content/zygote/zygote_main_linux.cc:202] ZygoteMain: initializing 0 fork delegates
[1:1:0526/122423.037016:VERBOSE1:chrome/common/media/cdm_registration.cc:220] Widevine enabled but no library found
[1:1:0526/122423.037122:INFO:third_party/webrtc/rtc_base/cpu_info.cc:77] Available number of cores: 4
[1:1:0526/122423.037468:VERBOSE1:content/zygote/zygote_main_linux.cc:202] ZygoteMain: initializing 0 fork delegates
[73011:73011:0526/122423.042768:VERBOSE1:components/policy/core/common/config_dir_policy_loader.cc:120] Skipping mandatory platform policies because no policy file was found at: /etc/chromium-browser/policies/managed
[73011:73011:0526/122423.042824:VERBOSE1:components/policy/core/common/config_dir_policy_loader.cc:120] Skipping recommended platform policies because no policy file was found at: /etc/chromium-browser/policies/recommended
[73011:73011:0526/122423.045913:VERBOSE1:components/variations/service/variations_field_trial_creator.cc:77] VariationsSeedUsage:2
[73011:73011:0526/122423.046013:VERBOSE1:components/variations/service/variations_field_trial_creator.cc:374] VariationsSetupComplete
[73011:73113:0526/122423.050362:VERBOSE1:base/files/file_util_posix.cc:309] Cannot stat "/tmp/org.chromium.Chromium.scoped_dir.35Xk9o/VariationsSeedV2": No such file or directory (2)
[73011:73113:0526/122423.050731:VERBOSE1:base/files/file_util_posix.cc:309] Cannot stat "/tmp/org.chromium.Chromium.scoped_dir.35Xk9o/VariationsSeedV2": No such file or directory (2)
[73011:73114:0526/122423.053302:VERBOSE1:dbus/bus.cc:915] Method call: message_type: MESSAGE_METHOD_CALL
interface: org.freedesktop.DBus
member: GetNameOwner
signature: s

string "org.freedesktop.login1"

[73011:73011:0526/122423.054406:VERBOSE1:chrome/browser/media/webrtc/webrtc_event_log_manager.cc:122] WebRTC remote-bound event logging enabled.
[73011:73011:0526/122423.108591:VERBOSE1:net/proxy_resolution/proxy_config_service_linux.cc:496] Will get proxy config from gsettings.
[73011:73011:0526/122423.108938:VERBOSE1:net/proxy_resolution/proxy_config_service_linux.cc:1306] Obtained proxy settings from annotation hash code 11258689
[73011:73011:0526/122423.109069:VERBOSE1:components/proxy_config/pref_proxy_config_tracker_impl.cc:462] 0x2d9c00108340: set chrome proxy config service to 0x2d9c00094380
[73011:73011:0526/122423.111563:VERBOSE1:chrome/common/media/cdm_registration.cc:220] Widevine enabled but no library found
[73011:73134:0526/122423.114772:VERBOSE1:base/files/file_util_posix.cc:309] Cannot stat "/tmp/org.chromium.Chromium.scoped_dir.35Xk9o/component_crx_cache/metadata.json": No such file or directory (2)
[73011:73114:0526/122423.117255:VERBOSE1:dbus/bus.cc:915] Method call: message_type: MESSAGE_METHOD_CALL
interface: org.freedesktop.DBus
member: GetNameOwner
signature: s

string "org.chromium.bluetooth.Manager"

[73011:73112:0526/122423.156628:VERBOSE1:base/files/file_util_posix.cc:309] Cannot stat "/tmp/org.chromium.Chromium.scoped_dir.35Xk9o/Consent To Send Stats": No such file or directory (2)
[73011:73011:0526/122423.168105:VERBOSE1:components/os_crypt/sync/key_storage_linux.cc:116] Selected backend for OSCrypt: BASIC_TEXT
[73011:73011:0526/122423.168150:VERBOSE1:components/os_crypt/sync/key_storage_linux.cc:135] OSCrypt did not initialize a backend.
[73011:73011:0526/122423.168530:VERBOSE1:components/enterprise/browser/controller/chrome_browser_cloud_management_controller.cc:203] Cloud management controller initialization aborted as CBCM is not enabled. Please use the `--enable-chrome-browser-cloud-management` command line flag to enable it if you are not using the official Google Chrome build.
[73011:73011:0526/122423.174929:VERBOSE1:components/policy/core/common/cloud/user_cloud_policy_store.cc:130] [policy_type=google/chrome/user] Initiating immediate policy load from disk
[73011:73011:0526/122423.175209:VERBOSE1:components/policy/core/common/cloud/user_cloud_policy_store.cc:233] [policy_type=google/chrome/user] No policy found on disk
[73143:73143:0526/122423.235386:VERBOSE1:sandbox/policy/linux/sandbox_linux.cc:77] Activated seccomp-bpf sandbox for process type: gpu-process.
[73143:73143:0526/122423.237193:VERBOSE1:components/viz/service/main/viz_main_impl.cc:87] VizNullHypothesis is disabled (not a warning)
[73011:73011:0526/122423.268683:WARNING:chrome/browser/signin/account_consistency_mode_manager.cc:74] Desktop Identity Consistency cannot be enabled as no OAuth client ID and client secret have been configured.
[73011:73011:0526/122423.268727:VERBOSE1:chrome/browser/signin/account_consistency_mode_manager.cc:99] Desktop Identity Consistency disabled as sign-in to Chrome is not allowed
[73011:73011:0526/122423.274318:VERBOSE1:net/proxy_resolution/proxy_config_service_linux.cc:496] Will get proxy config from gsettings.
[73011:73011:0526/122423.274420:VERBOSE1:net/proxy_resolution/proxy_config_service_linux.cc:1306] Obtained proxy settings from annotation hash code 11258689
[73011:73011:0526/122423.274472:VERBOSE1:components/proxy_config/pref_proxy_config_tracker_impl.cc:462] 0x2d9c0010db00: set chrome proxy config service to 0x2d9c000972c0
[73011:73011:0526/122423.274977:VERBOSE1:components/signin/internal/identity_manager/mutable_profile_oauth2_token_service_delegate.cc:353] MutablePO2TS::MutablePO2TS
[73011:73112:0526/122423.274968:VERBOSE1:base/files/file_util_posix.cc:309] Cannot stat "/tmp/org.chromium.Chromium.scoped_dir.35Xk9o/Default/Web Applications/Logs": No such file or directory (2)
[73011:73137:0526/122423.280239:VERBOSE1:base/files/file_util_posix.cc:309] Cannot stat "/tmp/org.chromium.Chromium.scoped_dir.35Xk9o/Default/Code Cache/pc": No such file or directory (2)
[73011:73136:0526/122423.280385:VERBOSE1:net/disk_cache/simple/simple_index_file.cc:609] Simple Cache Index is being restored from disk.
[73011:73011:0526/122423.280426:VERBOSE1:net/proxy_resolution/proxy_config_service_linux.cc:496] Will get proxy config from gsettings.
[73011:73136:0526/122423.280412:VERBOSE1:base/files/file_util_posix.cc:309] Cannot stat "/tmp/org.chromium.Chromium.scoped_dir.35Xk9o/Default/Code Cache/wasm/index-dir/the-real-index": No such file or directory (2)
[73011:73011:0526/122423.280520:VERBOSE1:net/proxy_resolution/proxy_config_service_linux.cc:1306] Obtained proxy settings from annotation hash code 11258689
[73011:73011:0526/122423.280551:VERBOSE1:components/proxy_config/pref_proxy_config_tracker_impl.cc:462] 0x2d9c0010c440: set chrome proxy config service to 0x2d9c00097100
[73011:73011:0526/122423.280765:VERBOSE1:components/device_event_log/device_event_log_impl.cc:204] [12:24:23.280] Bluetooth: EVENT: bluetooth_api.cc:82 BluetoothAPI: 0x2d9c00395440
[73011:73011:0526/122423.281344:VERBOSE1:chrome/browser/permissions/prediction_service/prediction_model_handler_provider_factory.cc:61] [PermissionsAI]: PredictionModelHandlerProviderFactory::BuildServiceInstanceForBrowserContext
[73011:73011:0526/122423.281406:VERBOSE1:chrome/browser/permissions/prediction_service/prediction_model_handler_provider_factory.cc:98] [PermissionsAI]: PredictionModelHandlerProviderFactory::BuildServiceInstanceForBrowserContext PermissionsAIv4 not enabled, passage embedder not setup.
[73011:73011:0526/122423.281423:VERBOSE1:chrome/browser/permissions/prediction_service/prediction_model_handler_provider.cc:55] [PermissionsAI] PredictionModelHandlerProvider ctor passage_embedder available: false
[73011:73011:0526/122423.281438:VERBOSE1:chrome/browser/permissions/prediction_service/prediction_model_handler_provider.cc:58] [PermissionsAI] PredictionModelHandlerProvider ctor optimization_guide available: true
[73011:73011:0526/122423.284923:VERBOSE1:chrome/browser/signin/account_consistency_mode_manager.cc:99] Desktop Identity Consistency disabled as sign-in to Chrome is not allowed
[73011:73011:0526/122423.285937:VERBOSE1:components/signin/internal/identity_manager/mutable_profile_oauth2_token_service_delegate.cc:443] MutablePO2TS::RefreshTokenIsAvailable
[73011:73163:0526/122423.285936:VERBOSE1:net/disk_cache/simple/simple_index_file.cc:609] Simple Cache Index is being restored from disk.
[73011:73011:0526/122423.286405:VERBOSE1:extensions/browser/api/bluetooth_low_energy/bluetooth_low_energy_event_router.cc:292] Initializing BluetoothLowEnergyEventRouter.
[73011:73011:0526/122423.287664:VERBOSE1:google_apis/gaia/gaia_auth_util.cc:53] Canonicalized @gmail.com to @gmail.com
[73158:1:0526/122423.286397:VERBOSE1:sandbox/policy/linux/sandbox_linux.cc:77] Activated seccomp-bpf sandbox for process type: utility.
[73011:73011:0526/122423.291827:VERBOSE1:google_apis/gaia/gaia_auth_util.cc:53] Canonicalized @gmail.com to @gmail.com
[73011:73011:0526/122423.292106:VERBOSE1:chrome/browser/signin/account_consistency_mode_manager.cc:99] Desktop Identity Consistency disabled as sign-in to Chrome is not allowed
[73011:73011:0526/122423.292133:VERBOSE1:chrome/browser/signin/account_consistency_mode_manager.cc:99] Desktop Identity Consistency disabled as sign-in to Chrome is not allowed
[73011:73011:0526/122423.292147:VERBOSE1:chrome/browser/signin/account_consistency_mode_manager.cc:99] Desktop Identity Consistency disabled as sign-in to Chrome is not allowed
[73011:73011:0526/122423.292157:VERBOSE1:components/signin/core/browser/account_reconcilor.cc:149] AccountReconcilor::AccountReconcilor
[73011:73011:0526/122423.292167:VERBOSE1:components/signin/core/browser/account_reconcilor.cc:179] AccountReconcilor::Initialize
[73011:73163:0526/122423.285974:VERBOSE1:base/files/file_util_posix.cc:309] Cannot stat "/tmp/org.chromium.Chromium.scoped_dir.35Xk9o/Default/Code Cache/js/index-dir/the-real-index": No such file or directory (2)
[73011:73163:0526/122423.293429:VERBOSE1:base/files/file_util_posix.cc:309] Cannot stat "/tmp/org.chromium.Chromium.scoped_dir.35Xk9o/Dictionaries/en-US-10-1.bdic": No such file or directory (2)
[73011:73011:0526/122423.316474:VERBOSE1:components/signin/internal/identity_manager/mutable_profile_oauth2_token_service_delegate.cc:443] MutablePO2TS::RefreshTokenIsAvailable
[73011:73011:0526/122423.324621:VERBOSE1:extensions/browser/extension_registrar.cc:547] AddComponentExtension Web Store
[73011:73011:0526/122423.324650:VERBOSE1:extensions/browser/extension_registrar.cc:549] Component extension Web Store (ahfgeienlihckogmohjhadlkjgocpleb) installing/upgrading from '' to 0.2
[73011:73011:0526/122423.325875:VERBOSE1:extensions/browser/extension_registrar.cc:547] AddComponentExtension Chromium PDF Viewer
[73011:73011:0526/122423.325897:VERBOSE1:extensions/browser/extension_registrar.cc:549] Component extension Chromium PDF Viewer (mhjfbmdgcfjbbpaeojofohoefgiehjai) installing/upgrading from '' to 1
[73011:73011:0526/122423.326974:VERBOSE1:extensions/browser/extension_registrar.cc:547] AddComponentExtension Google Hangouts
[73011:73011:0526/122423.326998:VERBOSE1:extensions/browser/extension_registrar.cc:549] Component extension Google Hangouts (nkeimhogjdpnpccoofpliimaahmaaome) installing/upgrading from '' to 1.3.26
[73011:73011:0526/122423.328209:VERBOSE1:components/signin/internal/identity_manager/mutable_profile_oauth2_token_service_delegate.cc:443] MutablePO2TS::RefreshTokenIsAvailable
[73011:73011:0526/122423.328578:VERBOSE1:components/signin/internal/identity_manager/mutable_profile_oauth2_token_service_delegate.cc:443] MutablePO2TS::RefreshTokenIsAvailable
[73011:73011:0526/122423.334360:VERBOSE1:components/component_updater/installer_policies/on_device_head_suggest_component_installer.cc:59] On Device Head Component will fetch model for locale: ENUS500000
[73011:73011:0526/122423.334441:VERBOSE1:chrome/browser/component_updater/trust_token_key_commitments_component_installer.cc:22] Registering Trust Token Key Commitments component.
[73011:73164:0526/122423.334647:VERBOSE1:base/files/file_util_posix.cc:309] Cannot stat "/tmp/org.chromium.Chromium.scoped_dir.35Xk9o/Default/Policy/User Policy": No such file or directory (2)
[73011:73164:0526/122423.334684:VERBOSE1:base/files/file_util_posix.cc:309] Cannot stat "/tmp/org.chromium.Chromium.scoped_dir.35Xk9o/Default/Policy/Signing Key": No such file or directory (2)
[73011:73164:0526/122423.334704:VERBOSE1:components/component_updater/component_installer.cc:477] StartRegistration for Widevine Content Decryption Module
[73011:73164:0526/122423.334873:VERBOSE1:components/component_updater/component_installer.cc:477] StartRegistration for Subresource Filter Rules
[73011:73167:0526/122423.334912:VERBOSE1:components/component_updater/component_installer.cc:477] StartRegistration for OnDeviceHeadSuggest
[73011:73164:0526/122423.335068:VERBOSE1:components/component_updater/component_installer.cc:477] StartRegistration for Optimization Hints
[73011:73011:0526/122423.335172:VERBOSE1:chrome/browser/component_updater/first_party_sets_component_installer.cc:37] Registering Related Website Sets component.
[73011:73011:0526/122423.335222:VERBOSE1:chrome/browser/component_updater/privacy_sandbox_attestations_component_installer.cc:181] Registering Privacy Sandbox Attestations component
[73011:73164:0526/122423.335236:VERBOSE1:components/component_updater/component_installer.cc:477] StartRegistration for Trust Token Key Commitments
[73011:73011:0526/122423.335272:VERBOSE1:chrome/browser/component_updater/file_type_policies_component_installer.cc:126] Registering File Type Policies component.
[73011:73167:0526/122423.335380:VERBOSE1:components/component_updater/component_installer.cc:477] StartRegistration for Privacy Sandbox Attestations
[73011:73164:0526/122423.335398:VERBOSE1:components/component_updater/component_installer.cc:477] StartRegistration for Certificate Error Assistant
[73011:73167:0526/122423.335523:VERBOSE1:components/component_updater/component_installer.cc:477] StartRegistration for File Type Policies
[73011:73135:0526/122423.335616:VERBOSE1:components/component_updater/component_installer.cc:477] StartRegistration for CRLSet
[73011:73011:0526/122423.335632:VERBOSE1:chrome/browser/component_updater/hyphenation_component_installer.cc:148] Registering Hyphenation component.
[73011:73166:0526/122423.335775:VERBOSE1:components/component_updater/component_installer.cc:477] StartRegistration for Origin Trials
[73011:73011:0526/122423.335809:VERBOSE1:components/component_updater/installer_policies/actor_safety_lists_component_installer.cc:141] Registering Actor Safety Lists Component.
[73011:73139:0526/122423.335813:VERBOSE1:components/component_updater/component_installer.cc:477] StartRegistration for MEI Preload
[73011:73138:0526/122423.335844:VERBOSE1:components/component_updater/component_installer.cc:477] StartRegistration for PKI Metadata
[73011:73173:0526/122423.335956:VERBOSE1:components/component_updater/component_installer.cc:477] StartRegistration for Safety Tips
[73011:73174:0526/122423.336003:VERBOSE1:components/component_updater/component_installer.cc:477] StartRegistration for Crowd Deny
[73011:73167:0526/122423.336301:VERBOSE1:components/component_updater/component_installer.cc:477] StartRegistration for Hyphenation
[73011:73011:0526/122423.336381:VERBOSE1:chrome/browser/component_updater/translate_kit_component_installer.cc:210] Registering TranslateKit component.
[73011:73011:0526/122423.336474:VERBOSE1:chrome/browser/component_updater/wasm_tts_engine_component_installer.cc:286] Registering WASM TTS Engine component.
[73011:73011:0526/122423.336498:VERBOSE1:chrome/browser/component_updater/captcha_provider_component_installer.cc:175] Registering Captcha Provider component.
[73011:73163:0526/122423.337166:VERBOSE1:components/component_updater/component_installer.cc:477] StartRegistration for Zxcvbn Data Dictionaries
[73011:73175:0526/122423.337263:VERBOSE1:components/component_updater/component_installer.cc:477] StartRegistration for Actor Safety Lists
[73011:73011:0526/122423.337557:VERBOSE1:chrome/browser/profiles/profile_manager.cc:1408] AddKeepAlive(Default, kOffTheRecordProfile). keep_alives=[kWaitingForFirstBrowserWindow (1), kOffTheRecordProfile (1)]
[73011:73138:0526/122423.338586:VERBOSE1:components/component_updater/component_installer.cc:477] StartRegistration for Amount Extraction Heuristic Regexes
[73011:73174:0526/122423.338717:VERBOSE1:components/component_updater/component_installer.cc:477] StartRegistration for WASM TTS Engine
[73011:73139:0526/122423.338822:VERBOSE1:components/component_updater/component_installer.cc:477] StartRegistration for Captcha Providers
[73011:73011:0526/122423.341330:VERBOSE1:chrome/browser/permissions/prediction_service/prediction_model_handler_provider_factory.cc:61] [PermissionsAI]: PredictionModelHandlerProviderFactory::BuildServiceInstanceForBrowserContext
[73011:73011:0526/122423.341355:VERBOSE1:chrome/browser/permissions/prediction_service/prediction_model_handler_provider_factory.cc:98] [PermissionsAI]: PredictionModelHandlerProviderFactory::BuildServiceInstanceForBrowserContext PermissionsAIv4 not enabled, passage embedder not setup.
[73011:73011:0526/122423.341367:VERBOSE1:chrome/browser/permissions/prediction_service/prediction_model_handler_provider.cc:55] [PermissionsAI] PredictionModelHandlerProvider ctor passage_embedder available: false
[73011:73011:0526/122423.341377:VERBOSE1:chrome/browser/permissions/prediction_service/prediction_model_handler_provider.cc:58] [PermissionsAI] PredictionModelHandlerProvider ctor optimization_guide available: true
[73011:73011:0526/122423.346135:VERBOSE1:net/proxy_resolution/proxy_config_service_linux.cc:496] Will get proxy config from gsettings.
[73011:73011:0526/122423.346241:VERBOSE1:net/proxy_resolution/proxy_config_service_linux.cc:1306] Obtained proxy settings from annotation hash code 11258689
[73011:73011:0526/122423.346271:VERBOSE1:components/proxy_config/pref_proxy_config_tracker_impl.cc:462] 0x2d9c0010fec0: set chrome proxy config service to 0x2d9c0009bc40
[73011:73118:0526/122423.401474:VERBOSE1:components/signin/public/webdata/token_service_table.cc:259] Loaded tokens: result = 3 ; number of tokens loaded = 0
[73011:73011:0526/122423.431720:VERBOSE1:chrome/browser/ui/views/omnibox/omnibox_popup_closer.cc:65] Closing omnibox popup with reason: kRevertAll
[73177:1:0526/122423.457762:VERBOSE1:sandbox/policy/linux/sandbox_linux.cc:77] Activated seccomp-bpf sandbox for process type: renderer.
[73178:1:0526/122423.461843:VERBOSE1:sandbox/policy/linux/sandbox_linux.cc:77] Activated seccomp-bpf sandbox for process type: renderer.
[73011:73011:0526/122423.464151:VERBOSE1:chrome/browser/enterprise/data_protection/data_protection_navigation_observer.cc:222] enterprise.data_protection: same document navigation: 0
[73011:73011:0526/122423.464201:VERBOSE1:chrome/browser/enterprise/data_protection/data_protection_navigation_observer.cc:224] enterprise.data_protection: URL to scan: http://localhost:8000/index.html?theme=rayon
[73011:73011:0526/122423.488743:VERBOSE1:chrome/browser/ui/views/omnibox/omnibox_popup_closer.cc:65] Closing omnibox popup with reason: kRevertAll
[73011:73114:0526/122423.497535:VERBOSE1:dbus/bus.cc:915] Method call: message_type: MESSAGE_METHOD_CALL
interface: org.freedesktop.DBus
member: GetNameOwner
signature: s

string "org.bluez"

[73011:73114:0526/122423.498025:VERBOSE1:dbus/bus.cc:915] Method call: message_type: MESSAGE_METHOD_CALL
interface: org.freedesktop.DBus
member: GetNameOwner
signature: s

string "org.bluez"

[73146:73157:0526/122423.504496:VERBOSE1:net/base/network_delegate.cc:38] NetworkDelegate::NotifyBeforeURLRequest: http://clients2.google.com/time/1/current?cup2key=10:dW3aP5PucBYxS9th_b4laodUH4uwFA2IP4_f5IXpBxA&cup2hreq=e3b0c44298fc1c149afbf4c8996fb92427ae41e4649b934ca495991b7852b855
[73146:73157:0526/122423.512972:VERBOSE1:net/base/network_delegate.cc:38] NetworkDelegate::NotifyBeforeURLRequest: https://accounts.google.com/ListAccounts?gpsia=1&source=ChromiumBrowser&json=standard&laf=b64bin
[73146:73157:0526/122423.513284:VERBOSE1:net/base/network_delegate.cc:38] NetworkDelegate::NotifyBeforeURLRequest: https://redirector.gvt1.com/edgedl/chrome/dict/en-us-10-1.bdic
[73146:73156:0526/122423.516683:VERBOSE1:net/disk_cache/simple/simple_index_file.cc:609] Simple Cache Index is being restored from disk.
[73146:73156:0526/122423.516732:VERBOSE1:base/files/file_util_posix.cc:309] Cannot stat "/tmp/org.chromium.Chromium.scoped_dir.35Xk9o/Default/Shared Dictionary/cache/index-dir/the-real-index": No such file or directory (2)
[73011:73011:0526/122423.524232:VERBOSE1:components/component_updater/component_installer.cc:556] FinishRegistration for Widevine Content Decryption Module
[73011:73011:0526/122423.524288:VERBOSE1:components/component_updater/component_updater_service.cc:169] CrxUpdateService starting up. First update attempt will take place in 60 s seconds. Next update attempt will take place in 18000 s seconds. 
[73011:73011:0526/122423.524506:VERBOSE1:components/component_updater/component_installer.cc:556] FinishRegistration for Subresource Filter Rules
[73011:73011:0526/122423.524555:VERBOSE1:components/component_updater/component_installer.cc:556] FinishRegistration for OnDeviceHeadSuggest
[73011:73011:0526/122423.524583:VERBOSE1:components/component_updater/component_installer.cc:556] FinishRegistration for Optimization Hints
[73011:73011:0526/122423.524601:VERBOSE1:components/component_updater/component_installer.cc:556] FinishRegistration for Trust Token Key Commitments
[73011:73011:0526/122423.524625:VERBOSE1:components/component_updater/component_installer.cc:556] FinishRegistration for Privacy Sandbox Attestations
[73011:73011:0526/122423.524647:VERBOSE1:components/component_updater/component_installer.cc:556] FinishRegistration for File Type Policies
[73011:73011:0526/122423.524675:VERBOSE1:components/component_updater/component_installer.cc:556] FinishRegistration for PKI Metadata
[73011:73011:0526/122423.524706:VERBOSE1:components/component_updater/component_installer.cc:556] FinishRegistration for Crowd Deny
[73011:73011:0526/122423.524725:VERBOSE1:components/component_updater/component_installer.cc:556] FinishRegistration for MEI Preload
[73011:73011:0526/122423.524747:VERBOSE1:components/component_updater/component_installer.cc:556] FinishRegistration for CRLSet
[73011:73011:0526/122423.525276:VERBOSE1:components/component_updater/component_installer.cc:556] FinishRegistration for Safety Tips
[73011:73011:0526/122423.525332:VERBOSE1:components/component_updater/component_installer.cc:556] FinishRegistration for Hyphenation
[73011:73011:0526/122423.525370:VERBOSE1:components/component_updater/component_installer.cc:556] FinishRegistration for Origin Trials
[73011:73011:0526/122423.525409:VERBOSE1:components/component_updater/component_installer.cc:556] FinishRegistration for Certificate Error Assistant
[73011:73011:0526/122423.525444:VERBOSE1:components/component_updater/component_installer.cc:556] FinishRegistration for Zxcvbn Data Dictionaries
[73011:73011:0526/122423.525475:VERBOSE1:components/component_updater/component_installer.cc:556] FinishRegistration for Actor Safety Lists
[73011:73011:0526/122423.525502:VERBOSE1:components/component_updater/component_installer.cc:556] FinishRegistration for Captcha Providers
[73011:73011:0526/122423.525525:VERBOSE1:components/component_updater/component_installer.cc:556] FinishRegistration for WASM TTS Engine
[73011:73011:0526/122423.525552:VERBOSE1:components/component_updater/component_installer.cc:556] FinishRegistration for Amount Extraction Heuristic Regexes
[73011:73114:0526/122423.526230:VERBOSE1:dbus/bus.cc:915] Method call: message_type: MESSAGE_METHOD_CALL
interface: org.freedesktop.DBus
member: GetNameOwner
signature: s

string "org.freedesktop.ScreenSaver"

[73011:73011:0526/122423.528089:VERBOSE1:components/signin/internal/identity_manager/mutable_profile_oauth2_token_service_delegate.cc:599] MutablePO2TS::OnWebDataServiceRequestDone. Result type: 5
[73011:73011:0526/122423.528118:VERBOSE1:components/signin/internal/identity_manager/mutable_profile_oauth2_token_service_delegate.cc:661] MutablePO2TS::LoadAllCredentialsIntoMemory; 0 credential(s).
[73011:73011:0526/122423.528241:VERBOSE1:components/signin/internal/identity_manager/mutable_profile_oauth2_token_service_delegate.cc:443] MutablePO2TS::RefreshTokenIsAvailable
[73011:73011:0526/122423.528257:VERBOSE1:google_apis/gaia/gaia_auth_util.cc:53] Canonicalized @gmail.com to @gmail.com
[73011:73011:0526/122423.528267:VERBOSE1:google_apis/gaia/gaia_auth_util.cc:53] Canonicalized @gmail.com to @gmail.com
[73146:73157:0526/122423.528587:VERBOSE1:net/proxy_resolution/configured_proxy_resolution_service.cc:1223] Failed configuring with PAC script, falling-back to manual proxy servers.
[73011:73011:0526/122423.528751:VERBOSE1:components/signin/internal/identity_manager/mutable_profile_oauth2_token_service_delegate.cc:443] MutablePO2TS::RefreshTokenIsAvailable
[73011:73011:0526/122423.534258:VERBOSE1:components/signin/internal/identity_manager/mutable_profile_oauth2_token_service_delegate.cc:443] MutablePO2TS::RefreshTokenIsAvailable
[73011:73011:0526/122423.540563:VERBOSE1:net/proxy_resolution/proxy_config_service_linux.cc:1412] Detected no-op change to proxy settings. Doing nothing.
[73011:73114:0526/122423.553820:VERBOSE1:dbus/bus.cc:915] Method call: message_type: MESSAGE_METHOD_CALL
interface: org.freedesktop.DBus
member: GetNameOwner
signature: s

string "org.freedesktop.UPower"

[73011:73114:0526/122423.556609:VERBOSE1:dbus/bus.cc:698] Filter function already exists: 1 with associated data: 0x2d9c00084d20
[73011:73114:0526/122423.556657:VERBOSE1:dbus/bus.cc:915] Method call: message_type: MESSAGE_METHOD_CALL
interface: org.freedesktop.DBus
member: GetNameOwner
signature: s

string "org.bluez"

[73196:1:0526/122423.550886:VERBOSE1:sandbox/policy/linux/sandbox_linux.cc:77] Activated seccomp-bpf sandbox for process type: renderer.
[73011:73114:0526/122423.557665:VERBOSE1:dbus/bus.cc:698] Filter function already exists: 1 with associated data: 0x2d9c00084d20
[73011:73114:0526/122423.557700:VERBOSE1:dbus/bus.cc:915] Method call: message_type: MESSAGE_METHOD_CALL
interface: org.freedesktop.DBus
member: GetNameOwner
signature: s

string "org.bluez"

[73197:1:0526/122423.565113:VERBOSE1:sandbox/policy/linux/sandbox_linux.cc:77] Activated seccomp-bpf sandbox for process type: renderer.
[73011:73114:0526/122423.571861:VERBOSE1:dbus/bus.cc:915] Method call: message_type: MESSAGE_METHOD_CALL
interface: org.freedesktop.DBus
member: GetNameOwner
signature: s

string "org.freedesktop.portal.Desktop"

[73146:73160:0526/122423.573937:VERBOSE1:net/disk_cache/simple/simple_index_file.cc:609] Simple Cache Index is being restored from disk.
[73146:73160:0526/122423.573982:VERBOSE1:base/files/file_util_posix.cc:309] Cannot stat "/tmp/org.chromium.Chromium.scoped_dir.35Xk9o/Default/Cache/Cache_Data/index-dir/the-real-index": No such file or directory (2)
[73146:73160:0526/122423.574224:VERBOSE1:base/files/file_util_posix.cc:309] Cannot stat "/tmp/org.chromium.Chromium.scoped_dir.35Xk9o/Default/Cache/No_Vary_Search/snapshot-new.baf": No such file or directory (2)
[73146:73160:0526/122423.574351:VERBOSE1:base/files/file_util_posix.cc:309] Cannot stat "/tmp/org.chromium.Chromium.scoped_dir.35Xk9o/Default/Cache/No_Vary_Search/journal.baj": No such file or directory (2)
[73146:73157:0526/122423.576062:VERBOSE1:net/base/network_delegate.cc:38] NetworkDelegate::NotifyBeforeURLRequest: http://localhost:8000/index.html?theme=rayon
[73011:73011:0526/122423.582365:VERBOSE1:components/signin/internal/identity_manager/mutable_profile_oauth2_token_service_delegate.cc:443] MutablePO2TS::RefreshTokenIsAvailable
[73011:73011:0526/122423.582421:VERBOSE1:chrome/browser/signin/account_consistency_mode_manager.cc:99] Desktop Identity Consistency disabled as sign-in to Chrome is not allowed
[73146:73157:0526/122423.588607:VERBOSE1:net/base/network_delegate.cc:38] NetworkDelegate::NotifyBeforeURLRequest: https://www.google.com/async/folae?async=_fmt:pb&udm=50&client_locale=en-US
[73146:73157:0526/122423.588815:VERBOSE1:net/base/network_delegate.cc:38] NetworkDelegate::NotifyBeforeURLRequest: https://www.google.com/async/folae?async=_fmt:pb&udm=50&client_locale=en-US
[73011:73011:0526/122423.590570:VERBOSE1:net/proxy_resolution/proxy_config_service_linux.cc:1412] Detected no-op change to proxy settings. Doing nothing.
[73146:73157:0526/122423.591117:VERBOSE1:net/proxy_resolution/configured_proxy_resolution_service.cc:1223] Failed configuring with PAC script, falling-back to manual proxy servers.
[73146:73162:0526/122423.601967:VERBOSE1:base/files/file_util_posix.cc:309] Cannot stat "/tmp/org.chromium.Chromium.scoped_dir.35Xk9o/Default/Cache/Cache_Data/ed5152d08612b2ae_0": No such file or directory (2)
[73146:73162:0526/122423.602021:VERBOSE1:base/files/file_util_posix.cc:309] Cannot stat "/tmp/org.chromium.Chromium.scoped_dir.35Xk9o/Default/Cache/Cache_Data/ed5152d08612b2ae_1": No such file or directory (2)
[73146:73162:0526/122423.602044:VERBOSE1:base/files/file_util_posix.cc:309] Cannot stat "/tmp/org.chromium.Chromium.scoped_dir.35Xk9o/Default/Cache/Cache_Data/ed5152d08612b2ae_s": No such file or directory (2)
[73202:1:0526/122423.600501:VERBOSE1:sandbox/policy/linux/sandbox_linux.cc:77] Activated seccomp-bpf sandbox for process type: renderer.
[73011:73011:0526/122423.605125:VERBOSE1:net/proxy_resolution/proxy_config_service_linux.cc:1412] Detected no-op change to proxy settings. Doing nothing.
[73146:73157:0526/122423.611541:VERBOSE1:net/third_party/quiche/src/quiche/quic/core/tls_handshaker.cc:109] TlsClient: Continuing handshake
[73011:73011:0526/122423.616689:VERBOSE1:chrome/browser/web_applications/locks/partitioned_lock_manager.cc:262] Acquiring <PartitionedLockId>{id: 0x31, partition: 0} for Start@chrome/browser/web_applications/generated_icon_fix_manager.cc:61
[73011:73112:0526/122423.616700:VERBOSE1:base/files/file_util_posix.cc:309] Cannot stat "/tmp/org.chromium.Chromium.scoped_dir.35Xk9o/Default/Web Applications/Logs": No such file or directory (2)
[73011:73011:0526/122423.616719:VERBOSE1:chrome/browser/web_applications/locks/partitioned_lock_manager.cc:243] All locks acquired for Start@chrome/browser/web_applications/generated_icon_fix_manager.cc:61
[73146:73157:0526/122423.627567:VERBOSE1:net/third_party/quiche/src/quiche/quic/core/tls_handshaker.cc:109] TlsClient: Continuing handshake
[73146:73157:0526/122423.627645:VERBOSE1:net/third_party/quiche/src/quiche/quic/core/tls_handshaker.cc:109] TlsClient: Continuing handshake
[73146:73157:0526/122423.637198:VERBOSE1:net/proxy_resolution/configured_proxy_resolution_service.cc:1223] Failed configuring with PAC script, falling-back to manual proxy servers.
[73146:73157:0526/122423.639663:VERBOSE1:net/third_party/quiche/src/quiche/quic/core/tls_handshaker.cc:109] TlsClient: Continuing handshake
[73146:73157:0526/122423.639796:VERBOSE1:net/third_party/quiche/src/quiche/quic/core/tls_handshaker.cc:109] TlsClient: Continuing handshake
[73146:73157:0526/122423.639914:VERBOSE1:net/third_party/quiche/src/quiche/quic/core/tls_handshaker.cc:109] TlsClient: Continuing handshake
[73146:73157:0526/122423.645140:VERBOSE1:net/third_party/quiche/src/quiche/quic/core/tls_handshaker.cc:109] TlsClient: Continuing handshake
[73146:73157:0526/122423.660088:VERBOSE1:net/third_party/quiche/src/quiche/quic/core/tls_handshaker.cc:109] TlsClient: Continuing handshake
[73146:73157:0526/122423.685516:VERBOSE1:net/third_party/quiche/src/quiche/quic/core/tls_handshaker.cc:109] TlsClient: Continuing handshake
[73146:73157:0526/122423.685595:VERBOSE1:net/third_party/quiche/src/quiche/quic/core/tls_handshaker.cc:109] TlsClient: Continuing handshake
[73146:73157:0526/122423.686132:VERBOSE1:net/third_party/quiche/src/quiche/quic/core/tls_handshaker.cc:109] TlsClient: Continuing handshake
[73146:73157:0526/122423.686188:VERBOSE1:net/third_party/quiche/src/quiche/quic/core/tls_handshaker.cc:109] TlsClient: Continuing handshake
[73146:73157:0526/122423.687026:VERBOSE1:net/third_party/quiche/src/quiche/quic/core/tls_handshaker.cc:109] TlsClient: Continuing handshake
[73011:73011:0526/122423.695383:VERBOSE1:components/signin/internal/identity_manager/mutable_profile_oauth2_token_service_delegate.cc:443] MutablePO2TS::RefreshTokenIsAvailable
[73011:73011:0526/122423.698682:VERBOSE1:net/proxy_resolution/proxy_config_service_linux.cc:1412] Detected no-op change to proxy settings. Doing nothing.
[73011:73011:0526/122423.699238:VERBOSE1:ui/base/idle/idle_linux.cc:182] Call to GetActive method of org.freedesktop.ScreenSaver D-Bus service failed
[73011:73011:0526/122423.701318:VERBOSE1:chrome/browser/web_applications/locks/partitioned_lock_manager.cc:286] Releasing <PartitionedLockId>{id: 0x31, partition: 0} requested by Start@chrome/browser/web_applications/generated_icon_fix_manager.cc:61
[73011:73114:0526/122423.705364:VERBOSE1:dbus/bus.cc:915] Method call: message_type: MESSAGE_METHOD_CALL
interface: org.freedesktop.DBus
member: GetNameOwner
signature: s

string "org.freedesktop.Notifications"

[73011:73114:0526/122423.706607:VERBOSE1:dbus/bus.cc:698] Filter function already exists: 1 with associated data: 0x2d9c013d1500
[73011:73114:0526/122423.706645:VERBOSE1:dbus/bus.cc:915] Method call: message_type: MESSAGE_METHOD_CALL
interface: org.freedesktop.DBus
member: GetNameOwner
signature: s

string "org.freedesktop.Notifications"

[73011:73114:0526/122423.706878:VERBOSE1:dbus/bus.cc:698] Filter function already exists: 1 with associated data: 0x2d9c013d1500
[73011:73114:0526/122423.706907:VERBOSE1:dbus/bus.cc:915] Method call: message_type: MESSAGE_METHOD_CALL
interface: org.freedesktop.DBus
member: GetNameOwner
signature: s

string "org.freedesktop.Notifications"

[73011:73114:0526/122423.707132:VERBOSE1:dbus/bus.cc:698] Filter function already exists: 1 with associated data: 0x2d9c013d1500
[73011:73114:0526/122423.707156:VERBOSE1:dbus/bus.cc:915] Method call: message_type: MESSAGE_METHOD_CALL
interface: org.freedesktop.DBus
member: GetNameOwner
signature: s

string "org.freedesktop.Notifications"

[73011:73011:0526/122423.710235:VERBOSE1:components/segmentation_platform/internal/signals/signal_filter_processor.cc:61] Segmentation platform started observing Session.TotalDuration
[73011:73011:0526/122423.710256:VERBOSE1:components/segmentation_platform/internal/signals/signal_filter_processor.cc:61] Segmentation platform started observing Commerce.PriceDrops.ActiveTabNavigationComplete.IsProductDetailPage
[73011:73011:0526/122423.710265:VERBOSE1:components/segmentation_platform/internal/signals/signal_filter_processor.cc:54] Segmentation platform started observing Autofill_PolledCreditCardSuggestions
[73011:73011:0526/122423.710272:VERBOSE1:components/segmentation_platform/internal/signals/signal_filter_processor.cc:61] Segmentation platform started observing IOS.ParcelTracking.Tracked.AutoTrack
[73011:73011:0526/122423.710280:VERBOSE1:components/segmentation_platform/internal/signals/signal_filter_processor.cc:61] Segmentation platform started observing Omnibox.SuggestionUsed.ClientSummarizedResultType
[73011:73011:0526/122423.710291:VERBOSE1:components/segmentation_platform/internal/signals/signal_filter_processor.cc:54] Segmentation platform started observing MetadataWriter
[73011:73011:0526/122423.710298:VERBOSE1:components/segmentation_platform/internal/signals/signal_filter_processor.cc:61] Segmentation platform started observing Sync.DeviceCount2
[73011:73011:0526/122423.710307:VERBOSE1:components/segmentation_platform/internal/signals/signal_filter_processor.cc:61] Segmentation platform started observing Sync.DeviceCount2.Phone
[73011:73011:0526/122423.710315:VERBOSE1:components/segmentation_platform/internal/signals/signal_filter_processor.cc:61] Segmentation platform started observing Sync.DeviceCount2.Desktop
[73011:73011:0526/122423.710322:VERBOSE1:components/segmentation_platform/internal/signals/signal_filter_processor.cc:61] Segmentation platform started observing Sync.DeviceCount2.Tablet
[73011:73011:0526/122423.710329:VERBOSE1:components/segmentation_platform/internal/signals/signal_filter_processor.cc:54] Segmentation platform started observing MobileBookmarkManagerOpen
[73011:73011:0526/122423.710336:VERBOSE1:components/segmentation_platform/internal/signals/signal_filter_processor.cc:54] Segmentation platform started observing NewTabPage.MostVisited.Clicked
[73011:73011:0526/122423.710354:VERBOSE1:components/segmentation_platform/internal/signals/signal_filter_processor.cc:54] Segmentation platform started observing TabGroup.Created.OpenInNewTab
[73011:73011:0526/122423.710361:VERBOSE1:components/segmentation_platform/internal/signals/signal_filter_processor.cc:54] Segmentation platform started observing Android.HistoryPage.OpenItem
[73011:73011:0526/122423.710368:VERBOSE1:components/segmentation_platform/internal/signals/signal_filter_processor.cc:54] Segmentation platform started observing MobileMenuRecentTabs
[73011:73011:0526/122423.710375:VERBOSE1:components/segmentation_platform/internal/signals/signal_filter_processor.cc:61] Segmentation platform started observing PasswordManager.ManagePasswordsReferrer
[73011:73011:0526/122423.710382:VERBOSE1:components/segmentation_platform/internal/signals/signal_filter_processor.cc:61] Segmentation platform started observing PasswordManager.ProfileStore.TotalAccountsHiRes3.WithScheme.Https
[73011:73011:0526/122423.710390:VERBOSE1:components/segmentation_platform/internal/signals/signal_filter_processor.cc:61] Segmentation platform started observing PasswordManager.FillingAssistance
[73011:73011:0526/122423.710397:VERBOSE1:components/segmentation_platform/internal/signals/signal_filter_processor.cc:61] Segmentation platform started observing PasswordManager.SavedPasswordIsGenerated
[73011:73011:0526/122423.710404:VERBOSE1:components/segmentation_platform/internal/signals/signal_filter_processor.cc:61] Segmentation platform started observing PasswordManager.SaveUIDismissalReason
[73011:73011:0526/122423.710418:VERBOSE1:components/segmentation_platform/internal/signals/signal_filter_processor.cc:61] Segmentation platform started observing PasswordManager.SaveUIDismissalReason
[73011:73011:0526/122423.710425:VERBOSE1:components/segmentation_platform/internal/signals/signal_filter_processor.cc:61] Segmentation platform started observing IOS.CredentialExtension.IsEnabled.Startup
[73011:73011:0526/122423.710436:VERBOSE1:components/segmentation_platform/internal/signals/signal_filter_processor.cc:61] Segmentation platform started observing Session.TotalDuration
[73011:73011:0526/122423.711036:VERBOSE1:ui/base/idle/idle_linux.cc:130] org.cinnamon.ScreenSaver D-Bus service does not exist
[73146:73157:0526/122423.714516:VERBOSE1:net/third_party/quiche/src/quiche/quic/core/tls_handshaker.cc:109] TlsClient: Continuing handshake
[73011:73114:0526/122423.730312:VERBOSE1:dbus/bus.cc:915] Method call: message_type: MESSAGE_METHOD_CALL
interface: org.freedesktop.DBus
member: GetNameOwner
signature: s

string "org.gnome.ScreenSaver"

[73146:73157:0526/122423.746605:VERBOSE1:net/base/network_delegate.cc:38] NetworkDelegate::NotifyBeforeURLRequest: http://localhost:8000/nier-hacking-game-v2.css
[73178:1:0526/122423.745936:VERBOSE1:extensions/renderer/script_context.cc:150] Created context:
  extension id:           (none)
  frame:                  0x2cec020304e0
  URL:                    
  context_type:           WEB_PAGE
  effective extension id: (none)
  effective context type: WEB_PAGE
[73146:73157:0526/122423.750612:VERBOSE1:net/base/network_delegate.cc:38] NetworkDelegate::NotifyBeforeURLRequest: https://fonts.googleapis.com/css2?family=IBM+Plex+Mono:wght@300;400;500;600&family=Inter:wght@300;400;500;600;700&display=swap
[73011:73011:0526/122423.751009:VERBOSE1:components/signin/internal/identity_manager/mutable_profile_oauth2_token_service_delegate.cc:443] MutablePO2TS::RefreshTokenIsAvailable
[73178:1:0526/122423.750016:VERBOSE1:extensions/renderer/script_context.cc:150] Created context:
  extension id:           (none)
  frame:                  (nil)
  URL:                    
  context_type:           UNSPECIFIED
  effective extension id: (none)
  effective context type: UNSPECIFIED
[73178:1:0526/122423.752596:VERBOSE1:extensions/renderer/dispatcher.cc:493] Num tracked contexts: 1
[73146:73157:0526/122423.760929:VERBOSE1:net/base/network_delegate.cc:38] NetworkDelegate::NotifyBeforeURLRequest: https://fonts.googleapis.com/css2?family=Cinzel:wght@400;500;600;700&family=EB+Garamond:ital,wght@0,400;0,500;0,600;1,400&family=JetBrains+Mono:wght@300;400;500&display=swap
[73011:73011:0526/122423.765232:VERBOSE1:components/signin/internal/identity_manager/mutable_profile_oauth2_token_service_delegate.cc:443] MutablePO2TS::RefreshTokenIsAvailable
[73146:73157:0526/122423.781238:VERBOSE1:net/base/network_delegate.cc:38] NetworkDelegate::NotifyBeforeURLRequest: http://localhost:8000/corewar.png
[73146:73157:0526/122423.781917:VERBOSE1:net/base/network_delegate.cc:38] NetworkDelegate::NotifyBeforeURLRequest: http://localhost:8000/three.min.js
[73202:1:0526/122423.801798:VERBOSE1:extensions/renderer/script_context.cc:150] Created context:
  extension id:           nkeimhogjdpnpccoofpliimaahmaaome
  frame:                  0x2cec020304e0
  URL:                    
  context_type:           BLESSED_EXTENSION
  effective extension id: nkeimhogjdpnpccoofpliimaahmaaome
  effective context type: BLESSED_EXTENSION
[73202:1:0526/122423.808027:VERBOSE1:extensions/renderer/script_context.cc:150] Created context:
  extension id:           (none)
  frame:                  (nil)
  URL:                    
  context_type:           UNSPECIFIED
  effective extension id: (none)
  effective context type: UNSPECIFIED
[73146:73157:0526/122423.823314:VERBOSE1:net/base/network_delegate.cc:38] NetworkDelegate::NotifyBeforeURLRequest: http://localhost:8000/nier-hacking-game-v2.js
[73146:73157:0526/122423.824002:VERBOSE1:net/base/network_delegate.cc:38] NetworkDelegate::NotifyBeforeURLRequest: http://localhost:8000/nier-immersive.js
[73146:73157:0526/122423.824601:VERBOSE1:net/base/network_delegate.cc:38] NetworkDelegate::NotifyBeforeURLRequest: http://localhost:8000/ame-immersive.js
[73202:1:0526/122423.824240:VERBOSE1:extensions/renderer/dispatcher.cc:493] Num tracked contexts: 1
[73197:1:0526/122423.813779:VERBOSE1:extensions/renderer/script_context.cc:150] Created context:
  extension id:           nkeimhogjdpnpccoofpliimaahmaaome
  frame:                  0x2cec020304e0
  URL:                    
  context_type:           BLESSED_EXTENSION
  effective extension id: nkeimhogjdpnpccoofpliimaahmaaome
  effective context type: BLESSED_EXTENSION
[73146:73157:0526/122423.827213:VERBOSE1:net/third_party/quiche/src/quiche/quic/core/tls_handshaker.cc:109] TlsClient: Continuing handshake
[73146:73157:0526/122423.828772:VERBOSE1:net/base/network_delegate.cc:38] NetworkDelegate::NotifyBeforeURLRequest: https://raw.githubusercontent.com/rkpequod-max/corewar-rust/main/assets/dallo1.mp4
[73146:73157:0526/122423.829169:VERBOSE1:net/base/network_delegate.cc:38] NetworkDelegate::NotifyBeforeURLRequest: https://raw.githubusercontent.com/rkpequod-max/corewar-rust/main/assets/dallo2.mp4
[73146:73157:0526/122423.833402:VERBOSE1:net/third_party/quiche/src/quiche/quic/core/tls_handshaker.cc:109] TlsClient: Continuing handshake
[73197:1:0526/122423.836370:VERBOSE1:extensions/renderer/script_context.cc:150] Created context:
  extension id:           (none)
  frame:                  (nil)
  URL:                    
  context_type:           UNSPECIFIED
  effective extension id: (none)
  effective context type: UNSPECIFIED
[73239:1:0526/122423.859959:VERBOSE1:sandbox/policy/linux/sandbox_linux.cc:77] Activated seccomp-bpf sandbox for process type: renderer.
[73197:1:0526/122423.855008:VERBOSE1:extensions/renderer/dispatcher.cc:493] Num tracked contexts: 1
[73011:73011:0526/122423.913355:VERBOSE1:components/segmentation_platform/internal/selection/segment_result_provider.cc:136] GetSegmentResult: segment=OPTIMIZATION_TARGET_SEGMENTATION_DEVICE_SWITCHER ignoring DB score, executing model.
[73011:73011:0526/122423.913389:VERBOSE1:components/segmentation_platform/internal/selection/segment_result_provider.cc:277] ExecuteModelAndGetScore: segment=OPTIMIZATION_TARGET_SEGMENTATION_DEVICE_SWITCHER server segment info not available
[73011:73011:0526/122423.913399:VERBOSE1:components/segmentation_platform/internal/selection/segment_result_provider.cc:210] OnGotModelScore: segment=OPTIMIZATION_TARGET_SEGMENTATION_DEVICE_SWITCHER failed to get database model score, trying default model.
[73146:73157:0526/122423.930547:VERBOSE1:net/base/network_delegate.cc:38] NetworkDelegate::NotifyBeforeURLRequest: http://localhost:8000/rayon-immersive.js
[73146:73157:0526/122423.948542:VERBOSE1:net/base/network_delegate.cc:38] NetworkDelegate::NotifyBeforeURLRequest: http://localhost:8000/transition_index.js?v=5
[73146:73156:0526/122424.038586:VERBOSE1:base/files/file_util_posix.cc:309] Cannot stat "/tmp/org.chromium.Chromium.scoped_dir.35Xk9o/Default/Cache/Cache_Data/59b7adbdbd563a05_0": No such file or directory (2)
[73146:73156:0526/122424.038639:VERBOSE1:base/files/file_util_posix.cc:309] Cannot stat "/tmp/org.chromium.Chromium.scoped_dir.35Xk9o/Default/Cache/Cache_Data/59b7adbdbd563a05_1": No such file or directory (2)
[73146:73156:0526/122424.038664:VERBOSE1:base/files/file_util_posix.cc:309] Cannot stat "/tmp/org.chromium.Chromium.scoped_dir.35Xk9o/Default/Cache/Cache_Data/59b7adbdbd563a05_s": No such file or directory (2)
[73146:73157:0526/122424.051877:VERBOSE1:net/base/network_delegate.cc:38] NetworkDelegate::NotifyBeforeURLRequest: https://r5---sn-u125g5-5i.gvt1.com/edgedl/chrome/dict/en-us-10-1.bdic?cms_redirect=yes&met=1779791064,&mh=7g&mip=2a01:e0a:903:6130:27b9:1f4:319e:c277&mm=28&mn=sn-u125g5-5i&ms=nvh&mt=1779790576&mv=m&mvi=5&pl=45&rms=nvh,nvh&shardbypass=sd
[73146:73157:0526/122424.054344:VERBOSE1:net/third_party/quiche/src/quiche/quic/core/tls_handshaker.cc:109] TlsClient: Continuing handshake
[73146:73157:0526/122424.090136:VERBOSE1:net/base/network_delegate.cc:38] NetworkDelegate::NotifyBeforeURLRequest: http://localhost:8000/hero-bg.png
[73146:73157:0526/122424.112185:VERBOSE1:net/third_party/quiche/src/quiche/quic/core/tls_handshaker.cc:109] TlsClient: Continuing handshake
[73146:73157:0526/122424.112441:VERBOSE1:net/third_party/quiche/src/quiche/quic/core/tls_handshaker.cc:109] TlsClient: Continuing handshake
[73146:73157:0526/122424.112512:VERBOSE1:net/third_party/quiche/src/quiche/quic/core/tls_handshaker.cc:109] TlsClient: Continuing handshake
[73146:73157:0526/122424.112703:VERBOSE1:net/third_party/quiche/src/quiche/quic/core/tls_handshaker.cc:109] TlsClient: Continuing handshake
[73146:73157:0526/122424.112737:VERBOSE1:net/third_party/quiche/src/quiche/quic/core/tls_handshaker.cc:109] TlsClient: Continuing handshake
[73146:73157:0526/122424.131140:VERBOSE1:net/third_party/quiche/src/quiche/quic/core/tls_handshaker.cc:109] TlsClient: Continuing handshake
[73146:73157:0526/122424.139465:VERBOSE1:net/base/network_delegate.cc:38] NetworkDelegate::NotifyBeforeURLRequest: https://fonts.gstatic.com/s/ibmplexmono/v20/-F6qfjptAgt5VM-kVkqdyU8n3twJwlBFgg.woff2
[73146:73157:0526/122424.139683:VERBOSE1:net/base/network_delegate.cc:38] NetworkDelegate::NotifyBeforeURLRequest: https://fonts.gstatic.com/s/ibmplexmono/v20/-F6qfjptAgt5VM-kVkqdyU8n3oQIwlBFgg.woff2
[73146:73157:0526/122424.139844:VERBOSE1:net/base/network_delegate.cc:38] NetworkDelegate::NotifyBeforeURLRequest: https://fonts.gstatic.com/s/ibmplexmono/v20/-F63fjptAgt5VM-kVkqdyU8n1i8q1w.woff2
[73146:73157:0526/122424.140009:VERBOSE1:net/base/network_delegate.cc:38] NetworkDelegate::NotifyBeforeURLRequest: https://fonts.gstatic.com/s/inter/v20/UcC73FwrK3iLTeHuS_nVMrMxCp50SjIa1ZL7.woff2
[73146:73157:0526/122424.350974:VERBOSE1:net/base/network_delegate.cc:38] NetworkDelegate::NotifyBeforeURLRequest: https://fonts.gstatic.com/s/ibmplexmono/v20/-F6qfjptAgt5VM-kVkqdyU8n3twJwlBFgg.woff2
[73146:73157:0526/122424.351618:VERBOSE1:net/base/network_delegate.cc:38] NetworkDelegate::NotifyBeforeURLRequest: https://fonts.gstatic.com/s/ibmplexmono/v20/-F6qfjptAgt5VM-kVkqdyU8n3oQIwlBFgg.woff2
[73146:73157:0526/122424.351923:VERBOSE1:net/base/network_delegate.cc:38] NetworkDelegate::NotifyBeforeURLRequest: https://fonts.gstatic.com/s/ibmplexmono/v20/-F63fjptAgt5VM-kVkqdyU8n1i8q1w.woff2
[73146:73157:0526/122424.352183:VERBOSE1:net/base/network_delegate.cc:38] NetworkDelegate::NotifyBeforeURLRequest: https://fonts.gstatic.com/s/inter/v20/UcC73FwrK3iLTeHuS_nVMrMxCp50SjIa1ZL7.woff2
[73146:73157:0526/122424.400173:VERBOSE1:net/third_party/quiche/src/quiche/quic/core/tls_handshaker.cc:109] TlsClient: Continuing handshake
[73146:73157:0526/122424.594798:VERBOSE1:net/third_party/quiche/src/quiche/quic/core/tls_handshaker.cc:109] TlsClient: Continuing handshake
[73146:73157:0526/122424.594847:VERBOSE1:net/third_party/quiche/src/quiche/quic/core/tls_handshaker.cc:109] TlsClient: Continuing handshake
[73146:73157:0526/122424.595299:VERBOSE1:net/third_party/quiche/src/quiche/quic/core/tls_handshaker.cc:109] TlsClient: Continuing handshake
[73146:73157:0526/122424.595347:VERBOSE1:net/third_party/quiche/src/quiche/quic/core/tls_handshaker.cc:109] TlsClient: Continuing handshake
[73146:73157:0526/122424.595430:VERBOSE1:net/third_party/quiche/src/quiche/quic/core/tls_handshaker.cc:109] TlsClient: Continuing handshake
[73146:73157:0526/122424.597780:VERBOSE1:net/third_party/quiche/src/quiche/quic/core/tls_handshaker.cc:109] TlsClient: Continuing handshake
[73011:73011:0526/122425.048157:INFO:CONSOLE:23] "THREE.WebGLRenderer: Error creating WebGL context.", source: http://localhost:8000/rayon-immersive.js (23)
[73011:73011:0526/122425.050802:INFO:CONSOLE:6] "Uncaught Error: Error creating WebGL context.", source: http://localhost:8000/three.min.js (6)
[73011:73011:0526/122425.707515:VERBOSE1:chrome/browser/profiles/profile_manager.cc:1408] AddKeepAlive(Default, kExtensionUpdater). keep_alives=[kWaitingForFirstBrowserWindow (1), kOffTheRecordProfile (1), kExtensionUpdater (1)]
[73011:73011:0526/122425.707666:VERBOSE1:chrome/browser/profiles/profile_manager.cc:1469] RemoveKeepAlive(Default, kExtensionUpdater). keep_alives=[kWaitingForFirstBrowserWindow (1), kOffTheRecordProfile (1)]
[73011:73118:0526/122425.708247:VERBOSE1:base/files/file_util_posix.cc:309] Cannot stat "/tmp/org.chromium.Chromium.scoped_dir.35Xk9o/extensions_crx_cache/metadata.json": No such file or directory (2)
[73011:73118:0526/122425.708298:VERBOSE1:base/files/file_util_posix.cc:309] Cannot stat "/tmp/org.chromium.Chromium.scoped_dir.35Xk9o/BrowserMetrics": No such file or directory (2)
[73011:73113:0526/122425.708345:VERBOSE1:base/files/file_util_posix.cc:309] Cannot stat "/tmp/org.chromium.Chromium.scoped_dir.35Xk9o/CrashpadMetrics.pma": No such file or directory (2)
[73011:73113:0526/122425.708537:VERBOSE1:base/files/file_util_posix.cc:309] Cannot stat "/tmp/org.chromium.Chromium.scoped_dir.35Xk9o/Breadcrumbs": No such file or directory (2)
[73011:73113:0526/122425.708564:VERBOSE1:base/files/file_util_posix.cc:309] Cannot stat "/tmp/org.chromium.Chromium.scoped_dir.35Xk9o/Default/Media Cache": No such file or directory (2)
[73011:73113:0526/122425.708606:VERBOSE1:base/files/file_util_posix.cc:309] Cannot stat "/tmp/org.chromium.Chromium.scoped_dir.35Xk9o/Default/databases": No such file or directory (2)
[73011:73113:0526/122425.708682:VERBOSE1:base/files/file_util_posix.cc:309] Cannot stat "/tmp/org.chromium.Chromium.scoped_dir.35Xk9o/Default/webrtc_event_logs": No such file or directory (2)
[73011:73118:0526/122425.708324:VERBOSE1:base/files/file_util_posix.cc:309] Cannot stat "/tmp/org.chromium.Chromium.scoped_dir.35Xk9o/DeferredBrowserMetrics": No such file or directory (2)
[73011:73118:0526/122425.712080:VERBOSE1:components/component_updater/component_installer.cc:477] StartRegistration for Related Website Sets
[73011:73118:0526/122425.712328:VERBOSE1:base/files/file_util_posix.cc:309] Cannot stat "/tmp/org.chromium.Chromium.scoped_dir.35Xk9o/HistorySearch": No such file or directory (2)
[73011:73118:0526/122425.712370:VERBOSE1:base/files/file_util_posix.cc:309] Cannot stat "/tmp/org.chromium.Chromium.scoped_dir.35Xk9o/DesktopSharingHub": No such file or directory (2)
[73011:73118:0526/122425.712397:VERBOSE1:base/files/file_util_posix.cc:309] Cannot stat "/tmp/org.chromium.Chromium.scoped_dir.35Xk9o/CookieReadinessList": No such file or directory (2)
[73011:73118:0526/122425.712419:VERBOSE1:base/files/file_util_posix.cc:309] Cannot stat "/tmp/org.chromium.Chromium.scoped_dir.35Xk9o/OpenCookieDatabase": No such file or directory (2)
[73011:73118:0526/122425.712476:VERBOSE1:base/files/file_util_posix.cc:309] Cannot stat "/tmp/org.chromium.Chromium.scoped_dir.35Xk9o/TpcdMetadata": No such file or directory (2)
[73011:73118:0526/122425.712503:VERBOSE1:base/files/file_util_posix.cc:309] Cannot stat "/tmp/org.chromium.Chromium.scoped_dir.35Xk9o/ProbabilisticRevealTokenRegistry": No such file or directory (2)
[73011:73118:0526/122425.712530:VERBOSE1:base/files/file_util_posix.cc:309] Cannot stat "/tmp/org.chromium.Chromium.scoped_dir.35Xk9o/AutofillStates": No such file or directory (2)
[73011:73118:0526/122425.712555:VERBOSE1:base/files/file_util_posix.cc:309] Cannot stat "/tmp/org.chromium.Chromium.scoped_dir.35Xk9o/Fingerprinting Protection Filter": No such file or directory (2)
[73011:73011:0526/122425.714018:VERBOSE1:components/component_updater/component_installer.cc:556] FinishRegistration for Related Website Sets
[73011:73011:0526/122425.714078:VERBOSE1:chrome/browser/component_updater/first_party_sets_component_installer.cc:42] Received Related Website Sets
[73011:73011:0526/122425.714386:VERBOSE1:chrome/browser/web_applications/locks/partitioned_lock_manager.cc:262] Acquiring <PartitionedLockId>{id: 0x31, partition: 0} for SynchronizeInstalledApps@chrome/browser/web_applications/externally_managed_app_manager.cc:186
[73011:73011:0526/122425.714405:VERBOSE1:chrome/browser/web_applications/locks/partitioned_lock_manager.cc:243] All locks acquired for SynchronizeInstalledApps@chrome/browser/web_applications/externally_managed_app_manager.cc:186
[73011:73011:0526/122425.714565:VERBOSE1:chrome/browser/web_applications/locks/partitioned_lock_manager.cc:286] Releasing <PartitionedLockId>{id: 0x31, partition: 0} requested by SynchronizeInstalledApps@chrome/browser/web_applications/externally_managed_app_manager.cc:186
[73011:73011:0526/122425.718609:VERBOSE1:components/device_event_log/device_event_log_impl.cc:204] [12:24:25.718] USB: USER: usb_service_linux.cc:297 USB device added: path=/dev/bus/usb/001/002 vendor=3141 "CN0K49W1LOG0081VB549A01", product=26391 "Integrated_Webcam_HD", serial="", guid=6b808547-a950-48a6-9819-ae72a03f7d6d
[73011:73011:0526/122425.720676:VERBOSE1:components/device_event_log/device_event_log_impl.cc:204] [12:24:25.720] USB: USER: usb_service_linux.cc:297 USB device added: path=/dev/bus/usb/001/004 vendor=32903 "", product=2603 "", serial="", guid=e6479ada-1bd1-4cd3-babc-8db872e7fa35
[73146:73157:0526/122425.822060:VERBOSE1:net/base/network_delegate.cc:38] NetworkDelegate::NotifyBeforeURLRequest: https://android.clients.google.com/checkin
[73146:73157:0526/122425.833090:VERBOSE1:net/base/network_delegate.cc:38] NetworkDelegate::NotifyBeforeURLRequest: https://translate.googleapis.com/translate_a/l?client=chrome&hl=en&key=AIzaSyDGQzx0c0ptZVDriLi9Wblo2voeLnmPq-o
[73146:73157:0526/122425.894083:VERBOSE1:net/base/network_delegate.cc:38] NetworkDelegate::NotifyBeforeURLRequest: http://localhost:8000/favicon-32.png
[73146:73156:0526/122426.122669:VERBOSE1:base/files/file_util_posix.cc:309] Cannot stat "/tmp/org.chromium.Chromium.scoped_dir.35Xk9o/Default/Cache/Cache_Data/a02f1efe02bd9ec9_0": No such file or directory (2)
[73146:73156:0526/122426.122731:VERBOSE1:base/files/file_util_posix.cc:309] Cannot stat "/tmp/org.chromium.Chromium.scoped_dir.35Xk9o/Default/Cache/Cache_Data/a02f1efe02bd9ec9_1": No such file or directory (2)
[73146:73156:0526/122426.122754:VERBOSE1:base/files/file_util_posix.cc:309] Cannot stat "/tmp/org.chromium.Chromium.scoped_dir.35Xk9o/Default/Cache/Cache_Data/a02f1efe02bd9ec9_s": No such file or directory (2)
[73146:73157:0526/122426.125020:VERBOSE1:net/base/network_delegate.cc:38] NetworkDelegate::NotifyBeforeURLRequest: https://android.clients.google.com/c2dm/register3
[73146:73157:0526/122426.125441:VERBOSE1:net/third_party/quiche/src/quiche/quic/core/tls_handshaker.cc:109] TlsClient: Continuing handshake
[73146:73157:0526/122426.126619:VERBOSE1:net/base/network_delegate.cc:38] NetworkDelegate::NotifyBeforeURLRequest: https://android.clients.google.com/c2dm/register3
[73146:73157:0526/122426.126994:VERBOSE1:net/base/network_delegate.cc:38] NetworkDelegate::NotifyBeforeURLRequest: https://android.clients.google.com/c2dm/register3
[73146:73157:0526/122426.170964:VERBOSE1:net/third_party/quiche/src/quiche/quic/core/tls_handshaker.cc:109] TlsClient: Continuing handshake
[73146:73157:0526/122426.171033:VERBOSE1:net/third_party/quiche/src/quiche/quic/core/tls_handshaker.cc:109] TlsClient: Continuing handshake
[73146:73157:0526/122426.171536:VERBOSE1:net/third_party/quiche/src/quiche/quic/core/tls_handshaker.cc:109] TlsClient: Continuing handshake
[73146:73157:0526/122426.171577:VERBOSE1:net/third_party/quiche/src/quiche/quic/core/tls_handshaker.cc:109] TlsClient: Continuing handshake
[73146:73157:0526/122426.206411:VERBOSE1:net/third_party/quiche/src/quiche/quic/core/tls_handshaker.cc:109] TlsClient: Continuing handshake
[73146:73156:0526/122426.207256:VERBOSE1:base/files/file_util_posix.cc:309] Cannot stat "/tmp/org.chromium.Chromium.scoped_dir.35Xk9o/Default/Cache/Cache_Data/dd8cd7ce6312e569_0": No such file or directory (2)
[73146:73156:0526/122426.207330:VERBOSE1:base/files/file_util_posix.cc:309] Cannot stat "/tmp/org.chromium.Chromium.scoped_dir.35Xk9o/Default/Cache/Cache_Data/dd8cd7ce6312e569_1": No such file or directory (2)
[73146:73156:0526/122426.207360:VERBOSE1:base/files/file_util_posix.cc:309] Cannot stat "/tmp/org.chromium.Chromium.scoped_dir.35Xk9o/Default/Cache/Cache_Data/dd8cd7ce6312e569_s": No such file or directory (2)
[73011:73115:0526/122426.208840:ERROR:google_apis/gcm/engine/registration_request.cc:291] Registration response error message: DEPRECATED_ENDPOINT
[73011:73115:0526/122426.208935:VERBOSE1:google_apis/gcm/engine/registration_request.cc:256] Delaying GCM registration of app: com.google.android.gms, for 20140 milliseconds.
[73146:73157:0526/122426.210453:VERBOSE1:net/third_party/quiche/src/quiche/quic/core/tls_handshaker.cc:109] TlsClient: Continuing handshake
[73011:73115:0526/122426.307826:ERROR:google_apis/gcm/engine/mcs_client.cc:702]   Error code: 401  Error message: Authentication Failed: wrong_secret
[73011:73115:0526/122426.307855:ERROR:google_apis/gcm/engine/mcs_client.cc:704] Failed to log in to GCM, resetting connection.
